<?xml version="1.0" encoding="UTF-8"?>
<!-- Generated by org.testng.reporters.JUnitReportReporter -->
<testsuite hostname="DESKTOP-AIQJ01R" failures="0" tests="1" name="com.sovereigncs.test.TC_CreateUser" time="16.810" errors="0" timestamp="24 Mar 2020 06:36:36 GMT" skipped="0">
  <testcase classname="com.sovereigncs.test.TC_CreateUser" name="register" time="16.810"/>
</testsuite> <!-- com.sovereigncs.test.TC_CreateUser -->
